From https://github.com/kavindusamaranayake/python-app-simple
 * branch            main       -> FETCH_HEAD
Already up to date.
failed to fetch metadata: fork/exec /usr/local/lib/docker/cli-plugins/docker-buildx: no such file or directory

DEPRECATED: The legacy builder is deprecated and will be removed in a future release.
            Install the buildx component to build images with BuildKit:
            https://docs.docker.com/go/buildx/

Sending build context to Docker daemon  93.18kB
Step 1/6 : FROM python:3.11-slim
 ---> 040af88f5bce
Step 2/6 : WORKDIR /app
 ---> Using cache
 ---> 89cc55743e04
Step 3/6 : COPY . .
 ---> 715258073434
Step 4/6 : RUN pip install -r requirements.txt
 ---> Running in 1bdd21dc2ff3
Collecting Flask==3.0.0 (from -r requirements.txt (line 1))
  Downloading flask-3.0.0-py3-none-any.whl.metadata (3.6 kB)
Collecting Werkzeug>=3.0.0 (from Flask==3.0.0->-r requirements.txt (line 1))
  Downloading werkzeug-3.1.4-py3-none-any.whl.metadata (4.0 kB)
Collecting Jinja2>=3.1.2 (from Flask==3.0.0->-r requirements.txt (line 1))
  Downloading jinja2-3.1.6-py3-none-any.whl.metadata (2.9 kB)
Collecting itsdangerous>=2.1.2 (from Flask==3.0.0->-r requirements.txt (line 1))
  Downloading itsdangerous-2.2.0-py3-none-any.whl.metadata (1.9 kB)
Collecting click>=8.1.3 (from Flask==3.0.0->-r requirements.txt (line 1))
  Downloading click-8.3.1-py3-none-any.whl.metadata (2.6 kB)
Collecting blinker>=1.6.2 (from Flask==3.0.0->-r requirements.txt (line 1))
  Downloading blinker-1.9.0-py3-none-any.whl.metadata (1.6 kB)
Collecting MarkupSafe>=2.0 (from Jinja2>=3.1.2->Flask==3.0.0->-r requirements.txt (line 1))
  Downloading markupsafe-3.0.3-cp311-cp311-manylinux2014_x86_64.manylinux_2_17_x86_64.manylinux_2_28_x86_64.whl.metadata (2.7 kB)
Downloading flask-3.0.0-py3-none-any.whl (99 kB)
   â”â”â”â”â”â”â”â”â”â”â”â”â”â”â”â”â”â”â”â”â”â”â”â”â”â”â”â”â”â”â”â”â”â”â”â”â”â”â”â” 99.7/99.7 kB 98.7 kB/s eta 0:00:00
Downloading blinker-1.9.0-py3-none-any.whl (8.5 kB)
Downloading click-8.3.1-py3-none-any.whl (108 kB)
   â”â”â”â”â”â”â”â”â”â”â”â”â”â”â”â”â”â”â”â”â”â”â”â”â”â”â”â”â”â”â”â”â”â”â”â”â”â”â”â” 108.3/108.3 kB 50.1 kB/s eta 0:00:00
Downloading itsdangerous-2.2.0-py3-none-any.whl (16 kB)
Downloading jinja2-3.1.6-py3-none-any.whl (134 kB)
   â”â”â”â”â”â”â”â”â”â”â”â”â”â”â”â”â”â”â”â”â”â”â”â”â”â”â”â”â”â”â”â”â”â”â”â”â”â”â”â” 134.9/134.9 kB 69.0 kB/s eta 0:00:00
Downloading werkzeug-3.1.4-py3-none-any.whl (224 kB)
   â”â”â”â”â”â”â”â”â”â”â”â”â”â”â”â”â”â”â”â”â”â”â”â”â”â”â”â”â”â”â”â”â”â”â”â”â”â”â”â” 225.0/225.0 kB 32.4 kB/s eta 0:00:00
Downloading markupsafe-3.0.3-cp311-cp311-manylinux2014_x86_64.manylinux_2_17_x86_64.manylinux_2_28_x86_64.whl (22 kB)
Installing collected packages: MarkupSafe, itsdangerous, click, blinker, Werkzeug, Jinja2, Flask
[91mWARNING: Running pip as the 'root' user can result in broken permissions and conflicting behaviour with the system package manager. It is recommended to use a virtual environment instead: https://pip.pypa.io/warnings/venv
[0mSuccessfully installed Flask-3.0.0 Jinja2-3.1.6 MarkupSafe-3.0.3 Werkzeug-3.1.4 blinker-1.9.0 click-8.3.1 itsdangerous-2.2.0
[91m
[notice] A new release of pip is available: 24.0 -> 25.3
[notice] To update, run: pip install --upgrade pip
[0m ---> Removed intermediate container 1bdd21dc2ff3
 ---> 292047aa975c
Step 5/6 : EXPOSE 5000
 ---> Running in 2456e973b6c9
 ---> Removed intermediate container 2456e973b6c9
 ---> 0d86cffe18f7
Step 6/6 : CMD ["python", "app.py"]
 ---> Running in dc6a39954493
 ---> Removed intermediate container dc6a39954493
 ---> 11b7518518a1
Successfully built 11b7518518a1
Successfully tagged python-sample-app:latest
python-sample-app
python-sample-app
c57b0e7932d90ccf3c60ecfb2b08f3c3a0ad931c98391c71ce8513b10747efa4
Deployment successful at Fri Dec  5 17:56:48 +0530 2025
From https://github.com/kavindusamaranayake/python-app-simple
 * branch            main       -> FETCH_HEAD
Already up to date.
failed to fetch metadata: fork/exec /usr/local/lib/docker/cli-plugins/docker-buildx: no such file or directory

DEPRECATED: The legacy builder is deprecated and will be removed in a future release.
            Install the buildx component to build images with BuildKit:
            https://docs.docker.com/go/buildx/

Sending build context to Docker daemon  97.28kB
Step 1/6 : FROM python:3.11-slim
 ---> 040af88f5bce
Step 2/6 : WORKDIR /app
 ---> Using cache
 ---> 89cc55743e04
Step 3/6 : COPY . .
 ---> b23ffecb7116
Step 4/6 : RUN pip install -r requirements.txt
 ---> Running in d4097c2e316c
Collecting Flask==3.0.0 (from -r requirements.txt (line 1))
  Downloading flask-3.0.0-py3-none-any.whl.metadata (3.6 kB)
Collecting Werkzeug>=3.0.0 (from Flask==3.0.0->-r requirements.txt (line 1))
  Downloading werkzeug-3.1.4-py3-none-any.whl.metadata (4.0 kB)
Collecting Jinja2>=3.1.2 (from Flask==3.0.0->-r requirements.txt (line 1))
  Downloading jinja2-3.1.6-py3-none-any.whl.metadata (2.9 kB)
Collecting itsdangerous>=2.1.2 (from Flask==3.0.0->-r requirements.txt (line 1))
  Downloading itsdangerous-2.2.0-py3-none-any.whl.metadata (1.9 kB)
Collecting click>=8.1.3 (from Flask==3.0.0->-r requirements.txt (line 1))
  Downloading click-8.3.1-py3-none-any.whl.metadata (2.6 kB)
Collecting blinker>=1.6.2 (from Flask==3.0.0->-r requirements.txt (line 1))
  Downloading blinker-1.9.0-py3-none-any.whl.metadata (1.6 kB)
Collecting MarkupSafe>=2.0 (from Jinja2>=3.1.2->Flask==3.0.0->-r requirements.txt (line 1))
  Downloading markupsafe-3.0.3-cp311-cp311-manylinux2014_x86_64.manylinux_2_17_x86_64.manylinux_2_28_x86_64.whl.metadata (2.7 kB)
Downloading flask-3.0.0-py3-none-any.whl (99 kB)
   â”â”â”â”â”â”â”â”â”â”â”â”â”â”â”â”â”â”â”â”â”â”â”â”â”â”â”â”â”â”â”â”â”â”â”â”â”â”â”â” 99.7/99.7 kB 313.2 kB/s eta 0:00:00
Downloading blinker-1.9.0-py3-none-any.whl (8.5 kB)
Downloading click-8.3.1-py3-none-any.whl (108 kB)
   â”â”â”â”â”â”â”â”â”â”â”â”â”â”â”â”â”â”â”â”â”â”â”â”â”â”â”â”â”â”â”â”â”â”â”â”â”â”â” 108.3/108.3 kB 555.5 kB/s eta 0:00:00
Downloading itsdangerous-2.2.0-py3-none-any.whl (16 kB)
Downloading jinja2-3.1.6-py3-none-any.whl (134 kB)
   â”â”â”â”â”â”â”â”â”â”â”â”â”â”â”â”â”â”â”â”â”â”â”â”â”â”â”â”â”â”â”â”â”â”â”â”â”â”â” 134.9/134.9 kB 345.6 kB/s eta 0:00:00
Downloading werkzeug-3.1.4-py3-none-any.whl (224 kB)
   â”â”â”â”â”â”â”â”â”â”â”â”â”â”â”â”â”â”â”â”â”â”â”â”â”â”â”â”â”â”â”â”â”â”â”â”â”â”â” 225.0/225.0 kB 769.0 kB/s eta 0:00:00
Downloading markupsafe-3.0.3-cp311-cp311-manylinux2014_x86_64.manylinux_2_17_x86_64.manylinux_2_28_x86_64.whl (22 kB)
Installing collected packages: MarkupSafe, itsdangerous, click, blinker, Werkzeug, Jinja2, Flask
Successfully installed Flask-3.0.0 Jinja2-3.1.6 MarkupSafe-3.0.3 Werkzeug-3.1.4 blinker-1.9.0 click-8.3.1 itsdangerous-2.2.0
[91mWARNING: Running pip as the 'root' user can result in broken permissions and conflicting behaviour with the system package manager. It is recommended to use a virtual environment instead: https://pip.pypa.io/warnings/venv
[0m[91m
[notice] A new release of pip is available: 24.0 -> 25.3
[notice] To update, run: pip install --upgrade pip
[0m ---> Removed intermediate container d4097c2e316c
 ---> 965f105b6bb5
Step 5/6 : EXPOSE 5000
 ---> Running in c95ab541f48c
 ---> Removed intermediate container c95ab541f48c
 ---> d1e716fb6db4
Step 6/6 : CMD ["python", "app.py"]
 ---> Running in 3c298ac7ac51
 ---> Removed intermediate container 3c298ac7ac51
 ---> ee79d6e06a67
Successfully built ee79d6e06a67
Successfully tagged python-sample-app:latest
python-sample-app
python-sample-app
9c19746d93cf708827e25b6f6de969583baaa38912a852d48642c732ebe9fadd
Deployment successful at Fri Dec  5 17:58:26 +0530 2025
From https://github.com/kavindusamaranayake/python-app-simple
 * branch            main       -> FETCH_HEAD
Already up to date.
failed to fetch metadata: fork/exec /usr/local/lib/docker/cli-plugins/docker-buildx: no such file or directory

DEPRECATED: The legacy builder is deprecated and will be removed in a future release.
            Install the buildx component to build images with BuildKit:
            https://docs.docker.com/go/buildx/

Sending build context to Docker daemon  101.4kB
Step 1/6 : FROM python:3.11-slim
 ---> 040af88f5bce
Step 2/6 : WORKDIR /app
 ---> Using cache
 ---> 89cc55743e04
Step 3/6 : COPY . .
 ---> 6167bbd5b3ec
Step 4/6 : RUN pip install -r requirements.txt
 ---> Running in 34b85e4c0420
Collecting Flask==3.0.0 (from -r requirements.txt (line 1))
  Downloading flask-3.0.0-py3-none-any.whl.metadata (3.6 kB)
Collecting Werkzeug>=3.0.0 (from Flask==3.0.0->-r requirements.txt (line 1))
  Downloading werkzeug-3.1.4-py3-none-any.whl.metadata (4.0 kB)
Collecting Jinja2>=3.1.2 (from Flask==3.0.0->-r requirements.txt (line 1))
  Downloading jinja2-3.1.6-py3-none-any.whl.metadata (2.9 kB)
Collecting itsdangerous>=2.1.2 (from Flask==3.0.0->-r requirements.txt (line 1))
  Downloading itsdangerous-2.2.0-py3-none-any.whl.metadata (1.9 kB)
Collecting click>=8.1.3 (from Flask==3.0.0->-r requirements.txt (line 1))
  Downloading click-8.3.1-py3-none-any.whl.metadata (2.6 kB)
Collecting blinker>=1.6.2 (from Flask==3.0.0->-r requirements.txt (line 1))
  Downloading blinker-1.9.0-py3-none-any.whl.metadata (1.6 kB)
Collecting MarkupSafe>=2.0 (from Jinja2>=3.1.2->Flask==3.0.0->-r requirements.txt (line 1))
  Downloading markupsafe-3.0.3-cp311-cp311-manylinux2014_x86_64.manylinux_2_17_x86_64.manylinux_2_28_x86_64.whl.metadata (2.7 kB)
Downloading flask-3.0.0-py3-none-any.whl (99 kB)
   â”â”â”â”â”â”â”â”â”â”â”â”â”â”â”â”â”â”â”â”â”â”â”â”â”â”â”â”â”â”â”â”â”â”â”â”â”â”â”â” 99.7/99.7 kB 47.9 kB/s eta 0:00:00
Downloading blinker-1.9.0-py3-none-any.whl (8.5 kB)
Downloading click-8.3.1-py3-none-any.whl (108 kB)
   â”â”â”â”â”â”â”â”â”â”â”â”â”â”â”â”â”â”â”â”â”â”â”â”â”â”â”â”â”â”â”â”â”â”â”â”â”â”â”â” 108.3/108.3 kB 56.9 kB/s eta 0:00:00
Downloading itsdangerous-2.2.0-py3-none-any.whl (16 kB)
Downloading jinja2-3.1.6-py3-none-any.whl (134 kB)
   â”â”â”â”â”â”â”â”â”â”â”â”â”â”â”â”â”â”â”â”â”â”â”â”â”â”â”â”â”â”â”â”â”â”â”â”â”â”â”â” 134.9/134.9 kB 70.6 kB/s eta 0:00:00
Downloading werkzeug-3.1.4-py3-none-any.whl (224 kB)
   â”â”â”â”â”â”â”â”â”â”â”â”â”â”â”â”â”â”â”â”â”â”â”â”â”â”â”â”â”â”â”â”â”â”â”â”â”â”â”â” 225.0/225.0 kB 72.0 kB/s eta 0:00:00
Downloading markupsafe-3.0.3-cp311-cp311-manylinux2014_x86_64.manylinux_2_17_x86_64.manylinux_2_28_x86_64.whl (22 kB)
Installing collected packages: MarkupSafe, itsdangerous, click, blinker, Werkzeug, Jinja2, Flask
Successfully installed Flask-3.0.0 Jinja2-3.1.6 MarkupSafe-3.0.3 Werkzeug-3.1.4 blinker-1.9.0 click-8.3.1 itsdangerous-2.2.0
[91mWARNING: Running pip as the 'root' user can result in broken permissions and conflicting behaviour with the system package manager. It is recommended to use a virtual environment instead: https://pip.pypa.io/warnings/venv
[0m[91m
[notice] A new release of pip is available: 24.0 -> 25.3
[notice] To update, run: pip install --upgrade pip
[0m ---> Removed intermediate container 34b85e4c0420
 ---> b4471cea519c
Step 5/6 : EXPOSE 5000
 ---> Running in 4cfe0759608b
 ---> Removed intermediate container 4cfe0759608b
 ---> c92f60d45d59
Step 6/6 : CMD ["python", "app.py"]
 ---> Running in e6f72d51b120
 ---> Removed intermediate container e6f72d51b120
 ---> a73cd328aa63
Successfully built a73cd328aa63
Successfully tagged python-sample-app:latest
python-sample-app
python-sample-app
b7ab1e769ef80837fb530989f57944bdb263bb63b1f968725c0a2ce3bd006bfa
Deployment successful at Fri Dec  5 18:00:47 +0530 2025
From https://github.com/kavindusamaranayake/python-app-simple
 * branch            main       -> FETCH_HEAD
Already up to date.
failed to fetch metadata: fork/exec /usr/local/lib/docker/cli-plugins/docker-buildx: no such file or directory

DEPRECATED: The legacy builder is deprecated and will be removed in a future release.
            Install the buildx component to build images with BuildKit:
            https://docs.docker.com/go/buildx/

Sending build context to Docker daemon  105.5kB
Step 1/6 : FROM python:3.11-slim
 ---> 040af88f5bce
Step 2/6 : WORKDIR /app
 ---> Using cache
 ---> 89cc55743e04
Step 3/6 : COPY . .
 ---> a5d664ae1330
Step 4/6 : RUN pip install -r requirements.txt
 ---> Running in 7c152f3094e9
Collecting Flask==3.0.0 (from -r requirements.txt (line 1))
  Downloading flask-3.0.0-py3-none-any.whl.metadata (3.6 kB)
Collecting Werkzeug>=3.0.0 (from Flask==3.0.0->-r requirements.txt (line 1))
  Downloading werkzeug-3.1.4-py3-none-any.whl.metadata (4.0 kB)
Collecting Jinja2>=3.1.2 (from Flask==3.0.0->-r requirements.txt (line 1))
  Downloading jinja2-3.1.6-py3-none-any.whl.metadata (2.9 kB)
Collecting itsdangerous>=2.1.2 (from Flask==3.0.0->-r requirements.txt (line 1))
  Downloading itsdangerous-2.2.0-py3-none-any.whl.metadata (1.9 kB)
Collecting click>=8.1.3 (from Flask==3.0.0->-r requirements.txt (line 1))
  Downloading click-8.3.1-py3-none-any.whl.metadata (2.6 kB)
Collecting blinker>=1.6.2 (from Flask==3.0.0->-r requirements.txt (line 1))
  Downloading blinker-1.9.0-py3-none-any.whl.metadata (1.6 kB)
Collecting MarkupSafe>=2.0 (from Jinja2>=3.1.2->Flask==3.0.0->-r requirements.txt (line 1))
  Downloading markupsafe-3.0.3-cp311-cp311-manylinux2014_x86_64.manylinux_2_17_x86_64.manylinux_2_28_x86_64.whl.metadata (2.7 kB)
Downloading flask-3.0.0-py3-none-any.whl (99 kB)
   â”â”â”â”â”â”â”â”â”â”â”â”â”â”â”â”â”â”â”â”â”â”â”â”â”â”â”â”â”â”â”â”â”â”â”â”â”â”â”â” 99.7/99.7 kB 276.2 kB/s eta 0:00:00
Downloading blinker-1.9.0-py3-none-any.whl (8.5 kB)
Downloading click-8.3.1-py3-none-any.whl (108 kB)
   â”â”â”â”â”â”â”â”â”â”â”â”â”â”â”â”â”â”â”â”â”â”â”â”â”â”â”â”â”â”â”â”â”â”â”â”â”â”â” 108.3/108.3 kB 570.9 kB/s eta 0:00:00
Downloading itsdangerous-2.2.0-py3-none-any.whl (16 kB)
Downloading jinja2-3.1.6-py3-none-any.whl (134 kB)
   â”â”â”â”â”â”â”â”â”â”â”â”â”â”â”â”â”â”â”â”â”â”â”â”â”â”â”â”â”â”â”â”â”â”â”â”â”â”â” 134.9/134.9 kB 544.4 kB/s eta 0:00:00
Downloading werkzeug-3.1.4-py3-none-any.whl (224 kB)
   â”â”â”â”â”â”â”â”â”â”â”â”â”â”â”â”â”â”â”â”â”â”â”â”â”â”â”â”â”â”â”â”â”â”â”â”â”â”â” 225.0/225.0 kB 670.8 kB/s eta 0:00:00
Downloading markupsafe-3.0.3-cp311-cp311-manylinux2014_x86_64.manylinux_2_17_x86_64.manylinux_2_28_x86_64.whl (22 kB)
Installing collected packages: MarkupSafe, itsdangerous, click, blinker, Werkzeug, Jinja2, Flask
Successfully installed Flask-3.0.0 Jinja2-3.1.6 MarkupSafe-3.0.3 Werkzeug-3.1.4 blinker-1.9.0 click-8.3.1 itsdangerous-2.2.0
[91mWARNING: Running pip as the 'root' user can result in broken permissions and conflicting behaviour with the system package manager. It is recommended to use a virtual environment instead: https://pip.pypa.io/warnings/venv
[0m[91m
[notice] A new release of pip is available: 24.0 -> 25.3
[notice] To update, run: pip install --upgrade pip
[0m ---> Removed intermediate container 7c152f3094e9
 ---> de5b53d946a5
Step 5/6 : EXPOSE 5000
 ---> Running in 37757896ac4e
 ---> Removed intermediate container 37757896ac4e
 ---> ca2c8137dc11
Step 6/6 : CMD ["python", "app.py"]
 ---> Running in 94c1f5e9bc17
 ---> Removed intermediate container 94c1f5e9bc17
 ---> 5e8394932b2f
Successfully built 5e8394932b2f
Successfully tagged python-sample-app:latest
python-sample-app
python-sample-app
8a8dcca2bbf7889a906dbfeec245a51489bc6687d58de10464806b27636a6f3e
Deployment successful at Fri Dec  5 18:02:38 +0530 2025
From https://github.com/kavindusamaranayake/python-app-simple
 * branch            main       -> FETCH_HEAD
Already up to date.
failed to fetch metadata: fork/exec /usr/local/lib/docker/cli-plugins/docker-buildx: no such file or directory

DEPRECATED: The legacy builder is deprecated and will be removed in a future release.
            Install the buildx component to build images with BuildKit:
            https://docs.docker.com/go/buildx/

Sending build context to Docker daemon  109.1kB
Step 1/6 : FROM python:3.11-slim
 ---> 040af88f5bce
Step 2/6 : WORKDIR /app
 ---> Using cache
 ---> 89cc55743e04
Step 3/6 : COPY . .
 ---> cc7ce723ffc9
Step 4/6 : RUN pip install -r requirements.txt
 ---> Running in ba214b7e09db
Collecting Flask==3.0.0 (from -r requirements.txt (line 1))
  Downloading flask-3.0.0-py3-none-any.whl.metadata (3.6 kB)
Collecting Werkzeug>=3.0.0 (from Flask==3.0.0->-r requirements.txt (line 1))
  Downloading werkzeug-3.1.4-py3-none-any.whl.metadata (4.0 kB)
Collecting Jinja2>=3.1.2 (from Flask==3.0.0->-r requirements.txt (line 1))
  Downloading jinja2-3.1.6-py3-none-any.whl.metadata (2.9 kB)
Collecting itsdangerous>=2.1.2 (from Flask==3.0.0->-r requirements.txt (line 1))
  Downloading itsdangerous-2.2.0-py3-none-any.whl.metadata (1.9 kB)
Collecting click>=8.1.3 (from Flask==3.0.0->-r requirements.txt (line 1))
  Downloading click-8.3.1-py3-none-any.whl.metadata (2.6 kB)
Collecting blinker>=1.6.2 (from Flask==3.0.0->-r requirements.txt (line 1))
  Downloading blinker-1.9.0-py3-none-any.whl.metadata (1.6 kB)
Collecting MarkupSafe>=2.0 (from Jinja2>=3.1.2->Flask==3.0.0->-r requirements.txt (line 1))
  Downloading markupsafe-3.0.3-cp311-cp311-manylinux2014_x86_64.manylinux_2_17_x86_64.manylinux_2_28_x86_64.whl.metadata (2.7 kB)
Downloading flask-3.0.0-py3-none-any.whl (99 kB)
   â”â”â”â”â”â”â”â”â”â”â”â”â”â”â”â”â”â”â”â”â”â”â”â”â”â”â”â”â”â”â”â”â”â”â”â”â”â”â”â” 99.7/99.7 kB 426.6 kB/s eta 0:00:00
Downloading blinker-1.9.0-py3-none-any.whl (8.5 kB)
Downloading click-8.3.1-py3-none-any.whl (108 kB)
   â”â”â”â”â”â”â”â”â”â”â”â”â”â”â”â”â”â”â”â”â”â”â”â”â”â”â”â”â”â”â”â”â”â”â”â”â”â”â” 108.3/108.3 kB 774.4 kB/s eta 0:00:00
Downloading itsdangerous-2.2.0-py3-none-any.whl (16 kB)
Downloading jinja2-3.1.6-py3-none-any.whl (134 kB)
   â”â”â”â”â”â”â”â”â”â”â”â”â”â”â”â”â”â”â”â”â”â”â”â”â”â”â”â”â”â”â”â”â”â”â”â”â”â”â” 134.9/134.9 kB 698.1 kB/s eta 0:00:00
Downloading werkzeug-3.1.4-py3-none-any.whl (224 kB)
   â”â”â”â”â”â”â”â”â”â”â”â”â”â”â”â”â”â”â”â”â”â”â”â”â”â”â”â”â”â”â”â”â”â”â”â”â”â”â” 225.0/225.0 kB 461.9 kB/s eta 0:00:00
Downloading markupsafe-3.0.3-cp311-cp311-manylinux2014_x86_64.manylinux_2_17_x86_64.manylinux_2_28_x86_64.whl (22 kB)
Installing collected packages: MarkupSafe, itsdangerous, click, blinker, Werkzeug, Jinja2, Flask
Successfully installed Flask-3.0.0 Jinja2-3.1.6 MarkupSafe-3.0.3 Werkzeug-3.1.4 blinker-1.9.0 click-8.3.1 itsdangerous-2.2.0
[91mWARNING: Running pip as the 'root' user can result in broken permissions and conflicting behaviour with the system package manager. It is recommended to use a virtual environment instead: https://pip.pypa.io/warnings/venv
[0m[91m
[notice] A new release of pip is available: 24.0 -> 25.3
[notice] To update, run: pip install --upgrade pip
[0m ---> Removed intermediate container ba214b7e09db
 ---> 932aa6d476f9
Step 5/6 : EXPOSE 5000
 ---> Running in c74746fcfa1d
 ---> Removed intermediate container c74746fcfa1d
 ---> e88d122f1578
Step 6/6 : CMD ["python", "app.py"]
 ---> Running in 8dab489c2e22
 ---> Removed intermediate container 8dab489c2e22
 ---> 858fd1f07d91
Successfully built 858fd1f07d91
Successfully tagged python-sample-app:latest
python-sample-app
python-sample-app
7e7cc8aeb1453d9ca25ec11c7e8c5d9b2a1289e8903c95abe7e8b13b06016cbd
Deployment successful at Fri Dec  5 18:04:28 +0530 2025
From https://github.com/kavindusamaranayake/python-app-simple
 * branch            main       -> FETCH_HEAD
Already up to date.
failed to fetch metadata: fork/exec /usr/local/lib/docker/cli-plugins/docker-buildx: no such file or directory

DEPRECATED: The legacy builder is deprecated and will be removed in a future release.
            Install the buildx component to build images with BuildKit:
            https://docs.docker.com/go/buildx/

Sending build context to Docker daemon  113.2kB
Step 1/6 : FROM python:3.11-slim
 ---> 040af88f5bce
Step 2/6 : WORKDIR /app
 ---> Using cache
 ---> 89cc55743e04
Step 3/6 : COPY . .
 ---> 205e74eb786f
Step 4/6 : RUN pip install -r requirements.txt
 ---> Running in 05d00f9a17c8
Collecting Flask==3.0.0 (from -r requirements.txt (line 1))
  Downloading flask-3.0.0-py3-none-any.whl.metadata (3.6 kB)
Collecting Werkzeug>=3.0.0 (from Flask==3.0.0->-r requirements.txt (line 1))
  Downloading werkzeug-3.1.4-py3-none-any.whl.metadata (4.0 kB)
Collecting Jinja2>=3.1.2 (from Flask==3.0.0->-r requirements.txt (line 1))
  Downloading jinja2-3.1.6-py3-none-any.whl.metadata (2.9 kB)
Collecting itsdangerous>=2.1.2 (from Flask==3.0.0->-r requirements.txt (line 1))
  Downloading itsdangerous-2.2.0-py3-none-any.whl.metadata (1.9 kB)
Collecting click>=8.1.3 (from Flask==3.0.0->-r requirements.txt (line 1))
  Downloading click-8.3.1-py3-none-any.whl.metadata (2.6 kB)
Collecting blinker>=1.6.2 (from Flask==3.0.0->-r requirements.txt (line 1))
  Downloading blinker-1.9.0-py3-none-any.whl.metadata (1.6 kB)
Collecting MarkupSafe>=2.0 (from Jinja2>=3.1.2->Flask==3.0.0->-r requirements.txt (line 1))
  Downloading markupsafe-3.0.3-cp311-cp311-manylinux2014_x86_64.manylinux_2_17_x86_64.manylinux_2_28_x86_64.whl.metadata (2.7 kB)
Downloading flask-3.0.0-py3-none-any.whl (99 kB)
   â”â”â”â”â”â”â”â”â”â”â”â”â”â”â”â”â”â”â”â”â”â”â”â”â”â”â”â”â”â”â”â”â”â”â”â”â”â”â”â” 99.7/99.7 kB 69.2 kB/s eta 0:00:00
Downloading blinker-1.9.0-py3-none-any.whl (8.5 kB)
Downloading click-8.3.1-py3-none-any.whl (108 kB)
   â”â”â”â”â”â”â”â”â”â”â”â”â”â”â”â”â”â”â”â”â”â”â”â”â”â”â”â”â”â”â”â”â”â”â”â”â”â”â” 108.3/108.3 kB 148.7 kB/s eta 0:00:00
Downloading itsdangerous-2.2.0-py3-none-any.whl (16 kB)
Downloading jinja2-3.1.6-py3-none-any.whl (134 kB)
   â”â”â”â”â”â”â”â”â”â”â”â”â”â”â”â”â”â”â”â”â”â”â”â”â”â”â”â”â”â”â”â”â”â”â”â”â”â”â”â” 134.9/134.9 kB 97.5 kB/s eta 0:00:00
Downloading werkzeug-3.1.4-py3-none-any.whl (224 kB)
   â”â”â”â”â”â”â”â”â”â”â”â”â”â”â”â”â”â”â”â”â”â”â”â”â”â”â”â”â”â”â”â”â”â”â”â”â”â”â” 225.0/225.0 kB 101.8 kB/s eta 0:00:00
Downloading markupsafe-3.0.3-cp311-cp311-manylinux2014_x86_64.manylinux_2_17_x86_64.manylinux_2_28_x86_64.whl (22 kB)
Installing collected packages: MarkupSafe, itsdangerous, click, blinker, Werkzeug, Jinja2, Flask
Successfully installed Flask-3.0.0 Jinja2-3.1.6 MarkupSafe-3.0.3 Werkzeug-3.1.4 blinker-1.9.0 click-8.3.1 itsdangerous-2.2.0
[91mWARNING: Running pip as the 'root' user can result in broken permissions and conflicting behaviour with the system package manager. It is recommended to use a virtual environment instead: https://pip.pypa.io/warnings/venv
[0m[91m
[notice] A new release of pip is available: 24.0 -> 25.3
[notice] To update, run: pip install --upgrade pip
[0m ---> Removed intermediate container 05d00f9a17c8
 ---> 3662e7cf25f3
Step 5/6 : EXPOSE 5000
 ---> Running in 0d84938f0533
 ---> Removed intermediate container 0d84938f0533
 ---> 9c2fd1d02618
Step 6/6 : CMD ["python", "app.py"]
 ---> Running in c99b5321d7c0
 ---> Removed intermediate container c99b5321d7c0
 ---> 3e6cb8fbd2f1
Successfully built 3e6cb8fbd2f1
Successfully tagged python-sample-app:latest
python-sample-app
python-sample-app
6ebb0fbd631c692944aecb558f72d5c4fba4ee164981259333b82a307e505843
Deployment successful at Fri Dec  5 18:06:33 +0530 2025
/home/kavindu/projects-devops/python-app-simple/deploy.sh: line 3: =: command not found
From https://github.com/kavindusamaranayake/python-app-simple
 * branch            main       -> FETCH_HEAD
Already up to date.
failed to fetch metadata: fork/exec /usr/local/lib/docker/cli-plugins/docker-buildx: no such file or directory

DEPRECATED: The legacy builder is deprecated and will be removed in a future release.
            Install the buildx component to build images with BuildKit:
            https://docs.docker.com/go/buildx/

Sending build context to Docker daemon  117.2kB
Step 1/6 : FROM python:3.11-slim
 ---> 040af88f5bce
Step 2/6 : WORKDIR /app
 ---> Using cache
 ---> 89cc55743e04
Step 3/6 : COPY . .
 ---> e421d8c3d0ff
Step 4/6 : RUN pip install -r requirements.txt
 ---> Running in b6c209f42408
Collecting Flask==3.0.0 (from -r requirements.txt (line 1))
  Downloading flask-3.0.0-py3-none-any.whl.metadata (3.6 kB)
Collecting Werkzeug>=3.0.0 (from Flask==3.0.0->-r requirements.txt (line 1))
  Downloading werkzeug-3.1.4-py3-none-any.whl.metadata (4.0 kB)
Collecting Jinja2>=3.1.2 (from Flask==3.0.0->-r requirements.txt (line 1))
  Downloading jinja2-3.1.6-py3-none-any.whl.metadata (2.9 kB)
Collecting itsdangerous>=2.1.2 (from Flask==3.0.0->-r requirements.txt (line 1))
  Downloading itsdangerous-2.2.0-py3-none-any.whl.metadata (1.9 kB)
Collecting click>=8.1.3 (from Flask==3.0.0->-r requirements.txt (line 1))
  Downloading click-8.3.1-py3-none-any.whl.metadata (2.6 kB)
Collecting blinker>=1.6.2 (from Flask==3.0.0->-r requirements.txt (line 1))
  Downloading blinker-1.9.0-py3-none-any.whl.metadata (1.6 kB)
Collecting MarkupSafe>=2.0 (from Jinja2>=3.1.2->Flask==3.0.0->-r requirements.txt (line 1))
  Downloading markupsafe-3.0.3-cp311-cp311-manylinux2014_x86_64.manylinux_2_17_x86_64.manylinux_2_28_x86_64.whl.metadata (2.7 kB)
Downloading flask-3.0.0-py3-none-any.whl (99 kB)
   â”â”â”â”â”â”â”â”â”â”â”â”â”â”â”â”â”â”â”â”â”â”â”â”â”â”â”â”â”â”â”â”â”â”â”â”â”â”â”â” 99.7/99.7 kB 72.4 kB/s eta 0:00:00
Downloading blinker-1.9.0-py3-none-any.whl (8.5 kB)
Downloading click-8.3.1-py3-none-any.whl (108 kB)
   â”â”â”â”â”â”â”â”â”â”â”â”â”â”â”â”â”â”â”â”â”â”â”â”â”â”â”â”â”â”â”â”â”â”â”â”â”â”â”â” 108.3/108.3 kB 33.2 kB/s eta 0:00:00
Downloading itsdangerous-2.2.0-py3-none-any.whl (16 kB)
Downloading jinja2-3.1.6-py3-none-any.whl (134 kB)
   â”â”â”â”â”â”â”â”â”â”â”â”â”â”â”â”â”â”â”â”â”â”â”â”â”â”â”â”â”â”â”â”â”â”â”â”â”â”â”â” 134.9/134.9 kB 14.2 kB/s eta 0:00:00
Downloading werkzeug-3.1.4-py3-none-any.whl (224 kB)
   â”â”â”â”â”â”â”â”â”â”â”â”â”â”â”â”â”â”â”â”â”â”â”â”â”â”â”â”â”â”â”â”â”â”â”â”â”â”â”â” 225.0/225.0 kB 5.4 kB/s eta 0:00:00
Downloading markupsafe-3.0.3-cp311-cp311-manylinux2014_x86_64.manylinux_2_17_x86_64.manylinux_2_28_x86_64.whl (22 kB)
Installing collected packages: MarkupSafe, itsdangerous, click, blinker, Werkzeug, Jinja2, Flask
Successfully installed Flask-3.0.0 Jinja2-3.1.6 MarkupSafe-3.0.3 Werkzeug-3.1.4 blinker-1.9.0 click-8.3.1 itsdangerous-2.2.0
[91mWARNING: Running pip as the 'root' user can result in broken permissions and conflicting behaviour with the system package manager. It is recommended to use a virtual environment instead: https://pip.pypa.io/warnings/venv
[0m[91m
[notice] A new release of pip is available: 24.0 -> 25.3
[notice] To update, run: pip install --upgrade pip
[0m ---> Removed intermediate container b6c209f42408
 ---> 4d9a16f14258
Step 5/6 : EXPOSE 5000
 ---> Running in b96a03a1db2c
 ---> Removed intermediate container b96a03a1db2c
 ---> 8cdcd4404919
Step 6/6 : CMD ["python", "app.py"]
 ---> Running in e66ba729541f
 ---> Removed intermediate container e66ba729541f
 ---> 219806065db6
Successfully built 219806065db6
Successfully tagged python-sample-app:latest
/home/kavindu/projects-devops/python-app-simple/deploy.sh: line 13: image: command not found
failed to fetch metadata: fork/exec /usr/local/lib/docker/cli-plugins/docker-buildx: no such file or directory

DEPRECATED: The legacy builder is deprecated and will be removed in a future release.
            Install the buildx component to build images with BuildKit:
            https://docs.docker.com/go/buildx/

invalid argument "$:latest" for "-t, --tag" flag: invalid reference format

Usage:  docker build [OPTIONS] PATH | URL | -

Run 'docker build --help' for more information
python-sample-app
/home/kavindu/projects-devops/python-app-simple/deploy.sh: line 18: pp: command not found
python-sample-app
adaf10ec35bdcdc49c90c02649f6a1faee63150b3a53be0415cf0e0af1146c0e
Deployment successful at Fri Dec  5 18:09:56 +0530 2025
/home/kavindu/projects-devops/python-app-simple/deploy.sh: line 5: IMG_TAG: command not found
From https://github.com/kavindusamaranayake/python-app-simple
 * branch            main       -> FETCH_HEAD
Already up to date.
failed to fetch metadata: fork/exec /usr/local/lib/docker/cli-plugins/docker-buildx: no such file or directory

DEPRECATED: The legacy builder is deprecated and will be removed in a future release.
            Install the buildx component to build images with BuildKit:
            https://docs.docker.com/go/buildx/

Sending build context to Docker daemon  122.4kB
Step 1/6 : FROM python:3.11-slim
 ---> 040af88f5bce
Step 2/6 : WORKDIR /app
 ---> Using cache
 ---> 89cc55743e04
Step 3/6 : COPY . .
 ---> ea34a4ef166f
Step 4/6 : RUN pip install -r requirements.txt
 ---> Running in a46a9b4fb177
Collecting Flask==3.0.0 (from -r requirements.txt (line 1))
  Downloading flask-3.0.0-py3-none-any.whl.metadata (3.6 kB)
Collecting Werkzeug>=3.0.0 (from Flask==3.0.0->-r requirements.txt (line 1))
  Downloading werkzeug-3.1.4-py3-none-any.whl.metadata (4.0 kB)
Collecting Jinja2>=3.1.2 (from Flask==3.0.0->-r requirements.txt (line 1))
  Downloading jinja2-3.1.6-py3-none-any.whl.metadata (2.9 kB)
Collecting itsdangerous>=2.1.2 (from Flask==3.0.0->-r requirements.txt (line 1))
  Downloading itsdangerous-2.2.0-py3-none-any.whl.metadata (1.9 kB)
Collecting click>=8.1.3 (from Flask==3.0.0->-r requirements.txt (line 1))
  Downloading click-8.3.1-py3-none-any.whl.metadata (2.6 kB)
Collecting blinker>=1.6.2 (from Flask==3.0.0->-r requirements.txt (line 1))
  Downloading blinker-1.9.0-py3-none-any.whl.metadata (1.6 kB)
Collecting MarkupSafe>=2.0 (from Jinja2>=3.1.2->Flask==3.0.0->-r requirements.txt (line 1))
  Downloading markupsafe-3.0.3-cp311-cp311-manylinux2014_x86_64.manylinux_2_17_x86_64.manylinux_2_28_x86_64.whl.metadata (2.7 kB)
Downloading flask-3.0.0-py3-none-any.whl (99 kB)
   â”â”â”â”â”â”â”â”â”â”â”â”â”â”â”â”â”â”â”â”â”â”â”â”â”â”â”â”â”â”â”â”â”â”â”â”â”â”â”â” 99.7/99.7 kB 104.7 kB/s eta 0:00:00
Downloading blinker-1.9.0-py3-none-any.whl (8.5 kB)
Downloading click-8.3.1-py3-none-any.whl (108 kB)
   â”â”â”â”â”â”â”â”â”â”â”â”â”â”â”â”â”â”â”â”â”â”â”â”â”â”â”â”â”â”â”â”â”â”â”â”â”â”â” 108.3/108.3 kB 320.3 kB/s eta 0:00:00
Downloading itsdangerous-2.2.0-py3-none-any.whl (16 kB)
Downloading jinja2-3.1.6-py3-none-any.whl (134 kB)
   â”â”â”â”â”â”â”â”â”â”â”â”â”â”â”â”â”â”â”â”â”â”â”â”â”â”â”â”â”â”â”â”â”â”â”â”â”â”â” 134.9/134.9 kB 261.6 kB/s eta 0:00:00
Downloading werkzeug-3.1.4-py3-none-any.whl (224 kB)
   â”â”â”â”â”â”â”â”â”â”â”â”â”â”â”â”â”â”â”â”â”â”â”â”â”â”â”â”â”â”â”â”â”â”â”â”â”â”â” 225.0/225.0 kB 121.0 kB/s eta 0:00:00
Downloading markupsafe-3.0.3-cp311-cp311-manylinux2014_x86_64.manylinux_2_17_x86_64.manylinux_2_28_x86_64.whl (22 kB)
Installing collected packages: MarkupSafe, itsdangerous, click, blinker, Werkzeug, Jinja2, Flask
Successfully installed Flask-3.0.0 Jinja2-3.1.6 MarkupSafe-3.0.3 Werkzeug-3.1.4 blinker-1.9.0 click-8.3.1 itsdangerous-2.2.0
[91mWARNING: Running pip as the 'root' user can result in broken permissions and conflicting behaviour with the system package manager. It is recommended to use a virtual environment instead: https://pip.pypa.io/warnings/venv
[0m[91m
[notice] A new release of pip is available: 24.0 -> 25.3
[notice] To update, run: pip install --upgrade pip
[0m ---> Removed intermediate container a46a9b4fb177
 ---> e00657e78504
Step 5/6 : EXPOSE 5000
 ---> Running in e56307080d1a
 ---> Removed intermediate container e56307080d1a
 ---> ed80f58d5ba5
Step 6/6 : CMD ["python", "app.py"]
 ---> Running in b81d0eb44789
 ---> Removed intermediate container b81d0eb44789
 ---> 174771899d08
Successfully built 174771899d08
Successfully tagged python-sample-app:latest
/home/kavindu/projects-devops/python-app-simple/deploy.sh: line 16: IMG_TAG: command not found
python-sample-app
rm: cannot remove 'python-sample-app': No such file or directory
docker: Error response from daemon: Conflict. The container name "/python-sample-app" is already in use by container "adaf10ec35bdcdc49c90c02649f6a1faee63150b3a53be0415cf0e0af1146c0e". You have to remove (or rename) that container to be able to reuse that name.

Run 'docker run --help' for more information
Deployment successful at Fri Dec  5 18:10:39 +0530 2025
From https://github.com/kavindusamaranayake/python-app-simple
 * branch            main       -> FETCH_HEAD
Already up to date.
failed to fetch metadata: fork/exec /usr/local/lib/docker/cli-plugins/docker-buildx: no such file or directory

DEPRECATED: The legacy builder is deprecated and will be removed in a future release.
            Install the buildx component to build images with BuildKit:
            https://docs.docker.com/go/buildx/

Sending build context to Docker daemon    127kB
Step 1/6 : FROM python:3.11-slim
 ---> 040af88f5bce
Step 2/6 : WORKDIR /app
 ---> Using cache
 ---> 89cc55743e04
Step 3/6 : COPY . .
 ---> 2ba3828f3b4f
Step 4/6 : RUN pip install -r requirements.txt
 ---> Running in 29b5d9e34d3d
Collecting Flask==3.0.0 (from -r requirements.txt (line 1))
  Downloading flask-3.0.0-py3-none-any.whl.metadata (3.6 kB)
Collecting Werkzeug>=3.0.0 (from Flask==3.0.0->-r requirements.txt (line 1))
  Downloading werkzeug-3.1.4-py3-none-any.whl.metadata (4.0 kB)
Collecting Jinja2>=3.1.2 (from Flask==3.0.0->-r requirements.txt (line 1))
  Downloading jinja2-3.1.6-py3-none-any.whl.metadata (2.9 kB)
Collecting itsdangerous>=2.1.2 (from Flask==3.0.0->-r requirements.txt (line 1))
  Downloading itsdangerous-2.2.0-py3-none-any.whl.metadata (1.9 kB)
Collecting click>=8.1.3 (from Flask==3.0.0->-r requirements.txt (line 1))
  Downloading click-8.3.1-py3-none-any.whl.metadata (2.6 kB)
Collecting blinker>=1.6.2 (from Flask==3.0.0->-r requirements.txt (line 1))
  Downloading blinker-1.9.0-py3-none-any.whl.metadata (1.6 kB)
Collecting MarkupSafe>=2.0 (from Jinja2>=3.1.2->Flask==3.0.0->-r requirements.txt (line 1))
  Downloading markupsafe-3.0.3-cp311-cp311-manylinux2014_x86_64.manylinux_2_17_x86_64.manylinux_2_28_x86_64.whl.metadata (2.7 kB)
Downloading flask-3.0.0-py3-none-any.whl (99 kB)
   â”â”â”â”â”â”â”â”â”â”â”â”â”â”â”â”â”â”â”â”â”â”â”â”â”â”â”â”â”â”â”â”â”â”â”â”â”â”â”â” 99.7/99.7 kB 174.4 kB/s eta 0:00:00
Downloading blinker-1.9.0-py3-none-any.whl (8.5 kB)
Downloading click-8.3.1-py3-none-any.whl (108 kB)
   â”â”â”â”â”â”â”â”â”â”â”â”â”â”â”â”â”â”â”â”â”â”â”â”â”â”â”â”â”â”â”â”â”â”â”â”â”â”â” 108.3/108.3 kB 260.3 kB/s eta 0:00:00
Downloading itsdangerous-2.2.0-py3-none-any.whl (16 kB)
Downloading jinja2-3.1.6-py3-none-any.whl (134 kB)
   â”â”â”â”â”â”â”â”â”â”â”â”â”â”â”â”â”â”â”â”â”â”â”â”â”â”â”â”â”â”â”â”â”â”â”â”â”â”â” 134.9/134.9 kB 276.0 kB/s eta 0:00:00
Downloading werkzeug-3.1.4-py3-none-any.whl (224 kB)
   â”â”â”â”â”â”â”â”â”â”â”â”â”â”â”â”â”â”â”â”â”â”â”â”â”â”â”â”â”â”â”â”â”â”â”â”â”â”â” 225.0/225.0 kB 336.6 kB/s eta 0:00:00
Downloading markupsafe-3.0.3-cp311-cp311-manylinux2014_x86_64.manylinux_2_17_x86_64.manylinux_2_28_x86_64.whl (22 kB)
Installing collected packages: MarkupSafe, itsdangerous, click, blinker, Werkzeug, Jinja2, Flask
Successfully installed Flask-3.0.0 Jinja2-3.1.6 MarkupSafe-3.0.3 Werkzeug-3.1.4 blinker-1.9.0 click-8.3.1 itsdangerous-2.2.0
[91mWARNING: Running pip as the 'root' user can result in broken permissions and conflicting behaviour with the system package manager. It is recommended to use a virtual environment instead: https://pip.pypa.io/warnings/venv
[0m[91m
[notice] A new release of pip is available: 24.0 -> 25.3
[notice] To update, run: pip install --upgrade pip
[0m ---> Removed intermediate container 29b5d9e34d3d
 ---> 0186e419ae30
Step 5/6 : EXPOSE 5000
 ---> Running in ac34ddec647a
 ---> Removed intermediate container ac34ddec647a
 ---> 4fa5286bead6
Step 6/6 : CMD ["python", "app.py"]
 ---> Running in 21c9e8785dc6
 ---> Removed intermediate container 21c9e8785dc6
 ---> d6ca974f7725
Successfully built d6ca974f7725
Successfully tagged python-sample-app:latest
python-sample-app
python-sample-app
b5d71cb4deae66876e908dd6e1db9fd8d705a4276e569b3a2a571b1d02f783ad
Deployment successful at Fri Dec  5 18:12:38 +0530 2025
